2023-04-05 20:25:56.880426+01:00 Script Start 
2023-04-05 20:25:58.100450+01:00 Guessed Red 
2023-04-05 20:25:58.112947+01:00 Current Guess 
['red'] 
2023-04-05 20:25:58.559838+01:00 Guessed green 
2023-04-05 20:25:58.568827+01:00 Current Guess 
['red', 'green'] 
2023-04-05 20:25:58.960764+01:00 Guessed Blue 
2023-04-05 20:25:58.984825+01:00 Current Guess 
['red', 'green', 'blue'] 
2023-04-05 20:25:59.603860+01:00 Guessed Purple 
2023-04-05 20:25:59.612370+01:00 Current Guess 
['red', 'green', 'blue', 'purple'] 
2023-04-05 20:26:00.009410+01:00 Win 
2023-04-05 20:26:00.535806+01:00 Win 
2023-04-05 20:26:01.048791+01:00 Win 
2023-04-05 20:26:01.560785+01:00 Win 
2023-04-05 20:26:02.070831+01:00 Win 
2023-04-05 20:26:02.581048+01:00 Win 
2023-04-05 20:26:03.095830+01:00 Win 
2023-04-05 20:26:03.611794+01:00 Win 
2023-04-05 20:26:04.122780+01:00 Win 
2023-04-05 20:26:04.633712+01:00 Win 
2023-04-05 20:26:05.143557+01:00 Win 
2023-04-05 20:26:05.651939+01:00 Win 
2023-04-05 20:26:06.164800+01:00 Win 
2023-04-05 20:26:06.678421+01:00 Win 
2023-04-05 20:26:07.188804+01:00 Win 
2023-04-05 20:26:07.704698+01:00 Win 
2023-04-05 20:26:08.216153+01:00 Win 
2023-04-05 20:26:08.727804+01:00 Win 
2023-04-05 20:26:09.242155+01:00 Win 
