2023-04-14 12:55:54.835137+01:00 Script Start 
2023-04-14 12:55:56.860854+01:00 Guessed Purple 
2023-04-14 12:55:56.893579+01:00 Current Guess 
['purple'] 
2023-04-14 12:55:57.205518+01:00 Guessed green 
2023-04-14 12:55:57.215528+01:00 Current Guess 
['purple', 'green'] 
2023-04-14 12:55:57.532331+01:00 Guessed Blue 
2023-04-14 12:55:57.543834+01:00 Current Guess 
['purple', 'green', 'blue'] 
2023-04-14 12:55:57.949042+01:00 Guessed Orange 
2023-04-14 12:55:57.967561+01:00 Current Guess 
['purple', 'green', 'blue', 'orange'] 
2023-04-14 12:55:58.251860+01:00 Guessed White 
2023-04-14 12:55:58.298408+01:00 Current Guess 
['purple', 'green', 'blue', 'orange', 'white'] 
2023-04-14 12:55:59.108841+01:00 Guessed Red 
2023-04-14 12:55:59.130319+01:00 Current Guess 
['purple', 'green', 'blue', 'orange', 'white', 'red'] 
2023-04-14 12:55:59.188005+01:00 Win 
