2023-04-05 20:22:54.002839+01:00 Script Start 
2023-04-05 20:22:56.484155+01:00 Guessed Red 
2023-04-05 20:22:56.542833+01:00 Current Guess 
['red'] 
2023-04-05 20:22:56.820690+01:00 Guessed green 
2023-04-05 20:22:56.861006+01:00 Current Guess 
['red', 'green'] 
2023-04-05 20:22:57.236763+01:00 Guessed Blue 
2023-04-05 20:22:57.281835+01:00 Current Guess 
['red', 'green', 'blue'] 
2023-04-05 20:22:57.699523+01:00 Guessed Purple 
2023-04-05 20:22:57.708522+01:00 Current Guess 
['red', 'green', 'blue', 'purple'] 
2023-04-05 20:22:58.156782+01:00 Win 
2023-04-05 20:23:00.170897+01:00 name 'wrongt' is not defined 
2023-04-05 20:23:00.689240+01:00 Win 
2023-04-05 20:23:02.709391+01:00 name 'wrongt' is not defined 
2023-04-05 20:23:03.224813+01:00 Win 
2023-04-05 20:23:05.239410+01:00 name 'wrongt' is not defined 
2023-04-05 20:23:05.749976+01:00 Win 
2023-04-05 20:23:07.767282+01:00 name 'wrongt' is not defined 
2023-04-05 20:23:08.277349+01:00 Win 
