2023-04-17 13:44:19.507029+01:00 Script Start 
2023-04-17 13:44:47.458560+01:00 Lights Triggered 
2023-04-17 13:45:13.002886+01:00 Lights Triggered 
2023-04-17 13:45:36.490433+01:00 Lights Triggered 
2023-04-17 13:45:53.982086+01:00 Guessed Purple 
2023-04-17 13:45:53.983090+01:00 Current Guess 
['purple'] 
2023-04-17 13:45:55.138351+01:00 Guessed green 
2023-04-17 13:45:55.140352+01:00 Current Guess 
['purple', 'green'] 
2023-04-17 13:45:56.123502+01:00 Guessed Orange 
2023-04-17 13:45:56.123502+01:00 Current Guess 
['purple', 'green', 'orange'] 
2023-04-17 13:45:56.814687+01:00 Guessed Red 
2023-04-17 13:45:56.819270+01:00 Current Guess 
['purple', 'green', 'orange', 'red'] 
2023-04-17 13:46:05.006589+01:00 Guessed White 
2023-04-17 13:46:05.007591+01:00 Current Guess 
['purple', 'green', 'orange', 'red', 'white'] 
2023-04-17 13:46:06.023254+01:00 Guessed Blue 
2023-04-17 13:46:06.024255+01:00 Current Guess 
['purple', 'green', 'orange', 'red', 'white', 'blue'] 
2023-04-17 13:46:17.006309+01:00 Lights Triggered 
2023-04-17 13:46:32.646782+01:00 Guessed Purple 
2023-04-17 13:46:32.647786+01:00 Current Guess 
['purple', 'green', 'orange', 'red', 'white', 'blue', 'purple'] 
2023-04-17 13:46:33.278749+01:00 Guessed Red 
2023-04-17 13:46:33.279748+01:00 Current Guess 
['purple', 'green', 'orange', 'red', 'white', 'blue', 'purple', 'red'] 
2023-04-17 13:46:34.243221+01:00 Guessed Orange 
2023-04-17 13:46:34.243221+01:00 Current Guess 
['purple', 'green', 'orange', 'red', 'white', 'blue', 'purple', 'red', 'orange'] 
2023-04-17 13:46:34.778664+01:00 Guessed green 
2023-04-17 13:46:34.779674+01:00 Current Guess 
['purple', 'green', 'orange', 'red', 'white', 'blue', 'purple', 'red', 'orange', 'green'] 
2023-04-17 13:46:36.358736+01:00 Guessed White 
2023-04-17 13:46:36.359736+01:00 Current Guess 
['purple', 'green', 'orange', 'red', 'white', 'blue', 'purple', 'red', 'orange', 'green', 'white'] 
2023-04-17 13:46:36.898903+01:00 Guessed Blue 
2023-04-17 13:46:36.899917+01:00 Current Guess 
['purple', 'green', 'orange', 'red', 'white', 'blue', 'purple', 'red', 'orange', 'green', 'white', 'blue'] 
2023-04-17 13:46:38.591066+01:00 Guessed Purple 
2023-04-17 13:46:38.592078+01:00 Current Guess 
['purple', 'green', 'orange', 'red', 'white', 'blue', 'purple', 'red', 'orange', 'green', 'white', 'blue', 'purple'] 
2023-04-17 13:46:39.358735+01:00 Guessed green 
2023-04-17 13:46:39.359735+01:00 Current Guess 
['purple', 'green', 'orange', 'red', 'white', 'blue', 'purple', 'red', 'orange', 'green', 'white', 'blue', 'purple', 'green'] 
2023-04-17 13:46:39.726414+01:00 Guessed Orange 
2023-04-17 13:46:39.727414+01:00 Current Guess 
['purple', 'green', 'orange', 'red', 'white', 'blue', 'purple', 'red', 'orange', 'green', 'white', 'blue', 'purple', 'green', 'orange'] 
2023-04-17 13:46:40.494540+01:00 Guessed Red 
2023-04-17 13:46:40.495557+01:00 Current Guess 
['purple', 'green', 'orange', 'red', 'white', 'blue', 'purple', 'red', 'orange', 'green', 'white', 'blue', 'purple', 'green', 'orange', 'red'] 
2023-04-17 13:46:41.426789+01:00 Guessed Blue 
2023-04-17 13:46:41.427791+01:00 Current Guess 
['purple', 'green', 'orange', 'red', 'white', 'blue', 'purple', 'red', 'orange', 'green', 'white', 'blue', 'purple', 'green', 'orange', 'red', 'blue'] 
2023-04-17 13:46:41.875091+01:00 Guessed White 
2023-04-17 13:46:41.876105+01:00 Current Guess 
['purple', 'green', 'orange', 'red', 'white', 'blue', 'purple', 'red', 'orange', 'green', 'white', 'blue', 'purple', 'green', 'orange', 'red', 'blue', 'white'] 
2023-04-17 13:46:55.399303+01:00 Lights Triggered 
2023-04-17 13:47:20.938567+01:00 Guessed Purple 
2023-04-17 13:47:20.939570+01:00 Current Guess 
['purple', 'green', 'orange', 'red', 'white', 'blue', 'purple', 'red', 'orange', 'green', 'white', 'blue', 'purple', 'green', 'orange', 'red', 'blue', 'white', 'purple'] 
2023-04-17 13:47:22.098929+01:00 Guessed green 
2023-04-17 13:47:22.099921+01:00 Current Guess 
['purple', 'green', 'orange', 'red', 'white', 'blue', 'purple', 'red', 'orange', 'green', 'white', 'blue', 'purple', 'green', 'orange', 'red', 'blue', 'white', 'purple', 'green'] 
2023-04-17 13:47:31.135037+01:00 Guessed Orange 
2023-04-17 13:47:31.136035+01:00 Current Guess 
['purple', 'green', 'orange', 'red', 'white', 'blue', 'purple', 'red', 'orange', 'green', 'white', 'blue', 'purple', 'green', 'orange', 'red', 'blue', 'white', 'purple', 'green', 'orange'] 
2023-04-17 13:47:31.759419+01:00 Guessed Blue 
2023-04-17 13:47:31.760422+01:00 Current Guess 
['purple', 'green', 'orange', 'red', 'white', 'blue', 'purple', 'red', 'orange', 'green', 'white', 'blue', 'purple', 'green', 'orange', 'red', 'blue', 'white', 'purple', 'green', 'orange', 'blue'] 
2023-04-17 13:47:32.398988+01:00 Guessed White 
2023-04-17 13:47:32.399992+01:00 Current Guess 
['purple', 'green', 'orange', 'red', 'white', 'blue', 'purple', 'red', 'orange', 'green', 'white', 'blue', 'purple', 'green', 'orange', 'red', 'blue', 'white', 'purple', 'green', 'orange', 'blue', 'white'] 
2023-04-17 13:47:33.379053+01:00 Guessed Red 
2023-04-17 13:47:33.380048+01:00 Current Guess 
['purple', 'green', 'orange', 'red', 'white', 'blue', 'purple', 'red', 'orange', 'green', 'white', 'blue', 'purple', 'green', 'orange', 'red', 'blue', 'white', 'purple', 'green', 'orange', 'blue', 'white', 'red'] 
2023-04-17 13:47:34.646857+01:00 Lights Triggered 
2023-04-17 13:47:51.303124+01:00 Guessed Purple 
2023-04-17 13:47:51.304123+01:00 Current Guess 
['purple', 'green', 'orange', 'red', 'white', 'blue', 'purple', 'red', 'orange', 'green', 'white', 'blue', 'purple', 'green', 'orange', 'red', 'blue', 'white', 'purple', 'green', 'orange', 'blue', 'white', 'red', 'purple'] 
2023-04-17 13:47:51.847997+01:00 Guessed green 
2023-04-17 13:47:51.849022+01:00 Current Guess 
['purple', 'green', 'orange', 'red', 'white', 'blue', 'purple', 'red', 'orange', 'green', 'white', 'blue', 'purple', 'green', 'orange', 'red', 'blue', 'white', 'purple', 'green', 'orange', 'blue', 'white', 'red', 'purple', 'green'] 
2023-04-17 13:47:53.219132+01:00 Guessed Blue 
2023-04-17 13:47:53.220131+01:00 Current Guess 
['purple', 'green', 'orange', 'red', 'white', 'blue', 'purple', 'red', 'orange', 'green', 'white', 'blue', 'purple', 'green', 'orange', 'red', 'blue', 'white', 'purple', 'green', 'orange', 'blue', 'white', 'red', 'purple', 'green', 'blue'] 
2023-04-17 13:47:54.955317+01:00 Guessed Orange 
2023-04-17 13:47:54.956331+01:00 Current Guess 
['purple', 'green', 'orange', 'red', 'white', 'blue', 'purple', 'red', 'orange', 'green', 'white', 'blue', 'purple', 'green', 'orange', 'red', 'blue', 'white', 'purple', 'green', 'orange', 'blue', 'white', 'red', 'purple', 'green', 'blue', 'orange'] 
2023-04-17 13:47:55.519707+01:00 Guessed White 
2023-04-17 13:47:55.519707+01:00 Current Guess 
['purple', 'green', 'orange', 'red', 'white', 'blue', 'purple', 'red', 'orange', 'green', 'white', 'blue', 'purple', 'green', 'orange', 'red', 'blue', 'white', 'purple', 'green', 'orange', 'blue', 'white', 'red', 'purple', 'green', 'blue', 'orange', 'white'] 
2023-04-17 13:47:56.287233+01:00 Guessed Red 
2023-04-17 13:47:56.288757+01:00 Current Guess 
['purple', 'green', 'orange', 'red', 'white', 'blue', 'purple', 'red', 'orange', 'green', 'white', 'blue', 'purple', 'green', 'orange', 'red', 'blue', 'white', 'purple', 'green', 'orange', 'blue', 'white', 'red', 'purple', 'green', 'blue', 'orange', 'white', 'red'] 
2023-04-17 13:47:56.654929+01:00 Win 
