2023-04-05 20:05:13.843917+01:00 Script Start 
2023-04-05 20:05:15.253136+01:00 Guessed Red 
2023-04-05 20:05:15.299740+01:00 Current Guess 
['red'] 
2023-04-05 20:05:16.369318+01:00 Guessed green 
2023-04-05 20:05:16.421391+01:00 Current Guess 
['red', 'green'] 
2023-04-05 20:05:16.999374+01:00 Win 
2023-04-05 20:05:17.917788+01:00 Guessed Blue 
2023-04-05 20:05:17.961897+01:00 Current Guess 
['red', 'green', 'blue'] 
2023-04-05 20:05:23.553295+01:00 Guessed Purple 
2023-04-05 20:05:23.596245+01:00 Current Guess 
['red', 'green', 'blue', 'purple'] 
2023-04-05 20:05:24.352531+01:00 Guessed Orange 
2023-04-05 20:05:24.368251+01:00 Current Guess 
['red', 'green', 'blue', 'purple', 'orange'] 
2023-04-05 20:05:25.636502+01:00 Guessed Red 
2023-04-05 20:05:25.689344+01:00 Current Guess 
['red', 'green', 'blue', 'purple', 'orange', 'red'] 
2023-04-05 20:05:26.040520+01:00 Guessed green 
2023-04-05 20:05:26.051520+01:00 Current Guess 
['red', 'green', 'blue', 'purple', 'orange', 'red', 'green'] 
2023-04-05 20:05:26.063524+01:00 Win 
2023-04-05 20:05:27.074264+01:00 Win 
2023-04-05 20:05:28.091242+01:00 Win 
2023-04-05 20:05:29.105529+01:00 Win 
2023-04-05 20:05:30.116789+01:00 Win 
