2023-04-05 20:21:58.867098+01:00 Script Start 
2023-04-05 20:22:00.372708+01:00 Guessed Red 
2023-04-05 20:22:00.400200+01:00 Current Guess 
['red'] 
2023-04-05 20:22:00.755653+01:00 Guessed green 
2023-04-05 20:22:00.768668+01:00 Current Guess 
['red', 'green'] 
2023-04-05 20:22:01.091534+01:00 Guessed Blue 
2023-04-05 20:22:01.100536+01:00 Current Guess 
['red', 'green', 'blue'] 
2023-04-05 20:22:01.592296+01:00 Guessed Purple 
2023-04-05 20:22:01.619330+01:00 Current Guess 
['red', 'green', 'blue', 'purple'] 
2023-04-05 20:22:02.006786+01:00 Win 
2023-04-05 20:22:04.046857+01:00 name 'wrongt' is not defined 
2023-04-05 20:22:04.560523+01:00 Win 
2023-04-05 20:22:06.578852+01:00 name 'wrongt' is not defined 
2023-04-05 20:22:07.094987+01:00 Win 
2023-04-05 20:22:09.110895+01:00 name 'wrongt' is not defined 
2023-04-05 20:22:09.623721+01:00 Win 
2023-04-05 20:22:11.636386+01:00 name 'wrongt' is not defined 
2023-04-05 20:22:12.149845+01:00 Win 
2023-04-05 20:22:14.164498+01:00 name 'wrongt' is not defined 
2023-04-05 20:22:14.679292+01:00 Win 
2023-04-05 20:22:16.694050+01:00 name 'wrongt' is not defined 
2023-04-05 20:22:17.205858+01:00 Win 
2023-04-05 20:22:19.228218+01:00 name 'wrongt' is not defined 
2023-04-05 20:22:19.742159+01:00 Win 
2023-04-05 20:22:21.762672+01:00 name 'wrongt' is not defined 
2023-04-05 20:22:22.274239+01:00 Win 
2023-04-05 20:22:24.286857+01:00 name 'wrongt' is not defined 
2023-04-05 20:22:24.797169+01:00 Win 
