2023-04-17 09:44:02.967992+01:00 Script Start 
2023-04-17 09:44:04.113429+01:00 Lights Triggered 
2023-04-17 09:44:19.497396+01:00 Guessed Purple 
2023-04-17 09:44:19.526790+01:00 Current Guess 
['purple'] 
2023-04-17 09:44:19.937345+01:00 Guessed green 
2023-04-17 09:44:19.953878+01:00 Current Guess 
['purple', 'green'] 
2023-04-17 09:44:20.425334+01:00 Guessed Blue 
2023-04-17 09:44:20.478696+01:00 Current Guess 
['purple', 'green', 'blue'] 
2023-04-17 09:44:20.861697+01:00 Guessed Orange 
2023-04-17 09:44:20.904456+01:00 Current Guess 
['purple', 'green', 'blue', 'orange'] 
2023-04-17 09:44:21.329701+01:00 Guessed White 
2023-04-17 09:44:21.340727+01:00 Current Guess 
['purple', 'green', 'blue', 'orange', 'white'] 
2023-04-17 09:44:21.833700+01:00 Guessed Red 
2023-04-17 09:44:21.873688+01:00 Current Guess 
['purple', 'green', 'blue', 'orange', 'white', 'red'] 
2023-04-17 09:44:22.136777+01:00 Win 
