2023-04-05 20:22:25.643336+01:00 Script Start 
2023-04-05 20:22:27.075525+01:00 Guessed Red 
2023-04-05 20:22:27.087530+01:00 Current Guess 
['red'] 
2023-04-05 20:22:27.395488+01:00 Guessed green 
2023-04-05 20:22:27.407490+01:00 Current Guess 
['red', 'green'] 
2023-04-05 20:22:27.770985+01:00 Guessed Blue 
2023-04-05 20:22:27.826362+01:00 Current Guess 
['red', 'green', 'blue'] 
2023-04-05 20:22:28.263610+01:00 Guessed Purple 
2023-04-05 20:22:28.273050+01:00 Current Guess 
['red', 'green', 'blue', 'purple'] 
2023-04-05 20:22:28.335751+01:00 Win 
2023-04-05 20:22:30.394707+01:00 name 'wrongt' is not defined 
2023-04-05 20:22:30.904923+01:00 Win 
2023-04-05 20:22:32.918769+01:00 name 'wrongt' is not defined 
2023-04-05 20:22:33.436765+01:00 Win 
2023-04-05 20:22:35.449300+01:00 name 'wrongt' is not defined 
2023-04-05 20:22:35.960656+01:00 Win 
2023-04-05 20:22:37.975256+01:00 name 'wrongt' is not defined 
2023-04-05 20:22:38.490066+01:00 Win 
