2023-04-05 20:04:48.966271+01:00 Script Start 
2023-04-05 20:04:50.604707+01:00 Guessed Red 
2023-04-05 20:04:50.615722+01:00 Current Guess 
['red'] 
2023-04-05 20:04:51.164232+01:00 Guessed green 
2023-04-05 20:04:51.174232+01:00 Current Guess 
['red', 'green'] 
2023-04-05 20:04:51.187228+01:00 Win 
2023-04-05 20:04:51.199229+01:00 Win 
2023-04-05 20:04:51.213738+01:00 Win 
2023-04-05 20:04:51.227739+01:00 Win 
2023-04-05 20:04:51.241740+01:00 Win 
2023-04-05 20:04:51.255741+01:00 Win 
2023-04-05 20:04:51.266759+01:00 Win 
2023-04-05 20:04:51.280548+01:00 Win 
2023-04-05 20:04:51.293556+01:00 Win 
2023-04-05 20:04:51.306002+01:00 Win 
2023-04-05 20:04:51.317002+01:00 Win 
2023-04-05 20:04:51.330002+01:00 Win 
2023-04-05 20:04:51.343004+01:00 Win 
2023-04-05 20:04:51.356008+01:00 Win 
2023-04-05 20:04:51.367991+01:00 Win 
2023-04-05 20:04:51.382006+01:00 Win 
2023-04-05 20:04:51.394017+01:00 Win 
2023-04-05 20:04:51.406507+01:00 Win 
2023-04-05 20:04:51.417524+01:00 Win 
2023-04-05 20:04:51.430523+01:00 Win 
2023-04-05 20:04:51.444048+01:00 Win 
2023-04-05 20:04:51.456053+01:00 Win 
2023-04-05 20:04:51.467049+01:00 Win 
2023-04-05 20:04:51.480055+01:00 Win 
2023-04-05 20:04:51.492066+01:00 Win 
2023-04-05 20:04:51.503611+01:00 Win 
2023-04-05 20:04:51.514622+01:00 Win 
2023-04-05 20:04:51.525623+01:00 Win 
2023-04-05 20:04:51.541534+01:00 Win 
2023-04-05 20:04:51.553517+01:00 Win 
2023-04-05 20:04:51.565524+01:00 Win 
2023-04-05 20:04:51.578532+01:00 Win 
2023-04-05 20:04:51.589554+01:00 Win 
2023-04-05 20:04:51.601552+01:00 Win 
2023-04-05 20:04:51.612861+01:00 Win 
2023-04-05 20:04:51.624861+01:00 Win 
2023-04-05 20:04:51.635865+01:00 Win 
2023-04-05 20:04:51.648857+01:00 Win 
2023-04-05 20:04:51.660862+01:00 Win 
2023-04-05 20:04:51.672864+01:00 Win 
2023-04-05 20:04:51.684863+01:00 Win 
2023-04-05 20:04:51.694894+01:00 Win 
2023-04-05 20:04:51.705427+01:00 Win 
2023-04-05 20:04:51.716423+01:00 Win 
2023-04-05 20:04:51.730434+01:00 Win 
2023-04-05 20:04:51.743423+01:00 Win 
2023-04-05 20:04:51.755431+01:00 Win 
2023-04-05 20:04:51.768435+01:00 Win 
2023-04-05 20:04:51.779430+01:00 Win 
2023-04-05 20:04:51.791455+01:00 Win 
2023-04-05 20:04:51.803158+01:00 Win 
2023-04-05 20:04:51.815173+01:00 Win 
2023-04-05 20:04:51.826179+01:00 Win 
2023-04-05 20:04:51.838166+01:00 Win 
2023-04-05 20:04:51.849169+01:00 Win 
2023-04-05 20:04:51.862169+01:00 Win 
2023-04-05 20:04:51.875166+01:00 Win 
2023-04-05 20:04:51.886166+01:00 Win 
2023-04-05 20:04:51.897192+01:00 Win 
2023-04-05 20:04:51.908706+01:00 Win 
2023-04-05 20:04:51.920703+01:00 Win 
2023-04-05 20:04:51.931707+01:00 Win 
2023-04-05 20:04:51.943694+01:00 Win 
2023-04-05 20:04:51.955715+01:00 Win 
2023-04-05 20:04:51.966710+01:00 Win 
2023-04-05 20:04:51.979122+01:00 Win 
2023-04-05 20:04:51.993122+01:00 Win 
2023-04-05 20:04:52.005663+01:00 Win 
2023-04-05 20:04:52.016664+01:00 Win 
2023-04-05 20:04:52.028661+01:00 Win 
2023-04-05 20:04:52.041669+01:00 Win 
2023-04-05 20:04:52.051653+01:00 Win 
2023-04-05 20:04:52.062666+01:00 Win 
2023-04-05 20:04:52.074670+01:00 Win 
2023-04-05 20:04:52.090670+01:00 Win 
2023-04-05 20:04:52.103196+01:00 Win 
2023-04-05 20:04:52.115221+01:00 Win 
2023-04-05 20:04:52.129221+01:00 Win 
2023-04-05 20:04:52.142226+01:00 Win 
2023-04-05 20:04:52.155219+01:00 Win 
2023-04-05 20:04:52.167386+01:00 Win 
2023-04-05 20:04:52.179396+01:00 Win 
2023-04-05 20:04:52.193423+01:00 Win 
2023-04-05 20:04:52.206614+01:00 Win 
2023-04-05 20:04:52.220622+01:00 Win 
2023-04-05 20:04:52.232618+01:00 Win 
2023-04-05 20:04:52.248621+01:00 Win 
2023-04-05 20:04:52.260623+01:00 Win 
2023-04-05 20:04:52.274625+01:00 Win 
2023-04-05 20:04:52.287611+01:00 Win 
2023-04-05 20:04:52.299639+01:00 Win 
2023-04-05 20:04:52.313170+01:00 Win 
2023-04-05 20:04:52.325156+01:00 Win 
2023-04-05 20:04:52.338180+01:00 Win 
2023-04-05 20:04:52.349173+01:00 Win 
2023-04-05 20:04:52.364162+01:00 Win 
2023-04-05 20:04:52.379176+01:00 Win 
2023-04-05 20:04:52.393187+01:00 Win 
2023-04-05 20:04:52.404723+01:00 Win 
2023-04-05 20:04:52.415735+01:00 Win 
2023-04-05 20:04:52.428728+01:00 Win 
2023-04-05 20:04:52.440728+01:00 Win 
2023-04-05 20:04:52.452717+01:00 Win 
2023-04-05 20:04:52.464724+01:00 Win 
2023-04-05 20:04:52.479144+01:00 Win 
2023-04-05 20:04:52.493144+01:00 Win 
2023-04-05 20:04:52.505685+01:00 Win 
2023-04-05 20:04:52.519668+01:00 Win 
2023-04-05 20:04:52.531687+01:00 Win 
2023-04-05 20:04:52.543692+01:00 Win 
2023-04-05 20:04:52.555694+01:00 Win 
2023-04-05 20:04:52.567689+01:00 Win 
2023-04-05 20:04:52.579690+01:00 Win 
2023-04-05 20:04:52.590718+01:00 Win 
2023-04-05 20:04:52.601713+01:00 Win 
2023-04-05 20:04:52.613967+01:00 Win 
2023-04-05 20:04:52.625965+01:00 Win 
2023-04-05 20:04:52.636949+01:00 Win 
2023-04-05 20:04:52.649962+01:00 Win 
2023-04-05 20:04:52.660969+01:00 Win 
2023-04-05 20:04:52.672949+01:00 Win 
2023-04-05 20:04:52.685951+01:00 Win 
2023-04-05 20:04:52.697988+01:00 Win 
2023-04-05 20:04:52.710171+01:00 Win 
2023-04-05 20:04:52.722164+01:00 Win 
2023-04-05 20:04:52.734172+01:00 Win 
2023-04-05 20:04:52.747152+01:00 Win 
2023-04-05 20:04:52.760171+01:00 Win 
2023-04-05 20:04:52.772175+01:00 Win 
2023-04-05 20:04:52.783180+01:00 Win 
2023-04-05 20:04:52.796194+01:00 Win 
2023-04-05 20:04:52.808632+01:00 Win 
2023-04-05 20:04:52.821632+01:00 Win 
2023-04-05 20:04:52.832626+01:00 Win 
2023-04-05 20:04:52.867615+01:00 Win 
2023-04-05 20:04:52.883615+01:00 Win 
2023-04-05 20:04:52.895629+01:00 Win 
2023-04-05 20:04:52.907142+01:00 Win 
2023-04-05 20:04:52.919143+01:00 Win 
2023-04-05 20:04:52.931143+01:00 Win 
2023-04-05 20:04:52.945145+01:00 Win 
2023-04-05 20:04:52.956148+01:00 Win 
2023-04-05 20:04:52.967145+01:00 Win 
2023-04-05 20:04:52.979165+01:00 Win 
2023-04-05 20:04:52.992152+01:00 Win 
2023-04-05 20:04:53.000982+01:00 Win 
2023-04-05 20:04:53.012501+01:00 Win 
2023-04-05 20:04:53.026497+01:00 Win 
2023-04-05 20:04:53.037504+01:00 Win 
2023-04-05 20:04:53.049500+01:00 Win 
2023-04-05 20:04:53.062499+01:00 Win 
2023-04-05 20:04:53.074515+01:00 Win 
2023-04-05 20:04:53.084503+01:00 Win 
2023-04-05 20:04:53.094503+01:00 Win 
2023-04-05 20:04:53.105028+01:00 Win 
2023-04-05 20:04:53.115028+01:00 Win 
2023-04-05 20:04:53.126029+01:00 Win 
2023-04-05 20:04:53.137048+01:00 Win 
2023-04-05 20:04:53.147047+01:00 Win 
2023-04-05 20:04:53.158049+01:00 Win 
2023-04-05 20:04:53.168050+01:00 Win 
2023-04-05 20:04:53.178051+01:00 Win 
2023-04-05 20:04:53.188045+01:00 Win 
2023-04-05 20:04:53.198069+01:00 Win 
2023-04-05 20:04:53.212149+01:00 Win 
2023-04-05 20:04:53.223150+01:00 Win 
2023-04-05 20:04:53.233154+01:00 Win 
2023-04-05 20:04:53.245155+01:00 Win 
2023-04-05 20:04:53.255148+01:00 Win 
2023-04-05 20:04:53.264154+01:00 Win 
2023-04-05 20:04:53.276151+01:00 Win 
2023-04-05 20:04:53.286139+01:00 Win 
2023-04-05 20:04:53.297172+01:00 Win 
2023-04-05 20:04:53.309202+01:00 Win 
2023-04-05 20:04:53.318190+01:00 Win 
2023-04-05 20:04:53.329208+01:00 Win 
2023-04-05 20:04:53.341206+01:00 Win 
2023-04-05 20:04:53.353189+01:00 Win 
2023-04-05 20:04:53.363189+01:00 Win 
2023-04-05 20:04:53.373190+01:00 Win 
2023-04-05 20:04:53.384189+01:00 Win 
2023-04-05 20:04:53.395229+01:00 Win 
2023-04-05 20:04:53.405478+01:00 Win 
2023-04-05 20:04:53.415485+01:00 Win 
2023-04-05 20:04:53.425487+01:00 Win 
2023-04-05 20:04:53.434487+01:00 Win 
2023-04-05 20:04:53.445462+01:00 Win 
2023-04-05 20:04:53.456485+01:00 Win 
2023-04-05 20:04:53.465466+01:00 Win 
2023-04-05 20:04:53.475489+01:00 Win 
2023-04-05 20:04:53.486467+01:00 Win 
2023-04-05 20:04:53.497472+01:00 Win 
2023-04-05 20:04:53.511989+01:00 Win 
2023-04-05 20:04:53.521988+01:00 Win 
2023-04-05 20:04:53.531988+01:00 Win 
2023-04-05 20:04:53.542989+01:00 Win 
2023-04-05 20:04:53.555990+01:00 Win 
2023-04-05 20:04:53.565991+01:00 Win 
2023-04-05 20:04:53.574993+01:00 Win 
2023-04-05 20:04:53.583994+01:00 Win 
2023-04-05 20:04:53.594993+01:00 Win 
2023-04-05 20:04:53.602995+01:00 Win 
2023-04-05 20:04:53.614548+01:00 Win 
2023-04-05 20:04:53.626545+01:00 Win 
2023-04-05 20:04:53.636532+01:00 Win 
2023-04-05 20:04:53.646556+01:00 Win 
2023-04-05 20:04:53.656548+01:00 Win 
2023-04-05 20:04:53.667532+01:00 Win 
2023-04-05 20:04:53.679555+01:00 Win 
2023-04-05 20:04:53.689554+01:00 Win 
2023-04-05 20:04:53.699586+01:00 Win 
2023-04-05 20:04:53.710629+01:00 Win 
2023-04-05 20:04:53.720615+01:00 Win 
2023-04-05 20:04:53.728634+01:00 Win 
2023-04-05 20:04:53.738631+01:00 Win 
2023-04-05 20:04:53.750633+01:00 Win 
2023-04-05 20:04:53.761633+01:00 Win 
2023-04-05 20:04:53.772296+01:00 Win 
2023-04-05 20:04:53.782306+01:00 Win 
2023-04-05 20:04:53.795297+01:00 Win 
2023-04-05 20:04:53.811231+01:00 Win 
2023-04-05 20:04:53.820236+01:00 Win 
2023-04-05 20:04:53.830240+01:00 Win 
2023-04-05 20:04:53.839241+01:00 Win 
2023-04-05 20:04:53.854228+01:00 Win 
2023-04-05 20:04:53.867234+01:00 Win 
2023-04-05 20:04:53.882218+01:00 Win 
2023-04-05 20:04:53.896223+01:00 Win 
2023-04-05 20:04:53.908777+01:00 Win 
2023-04-05 20:04:53.919763+01:00 Win 
2023-04-05 20:04:53.932784+01:00 Win 
2023-04-05 20:04:53.947784+01:00 Win 
2023-04-05 20:04:53.959781+01:00 Win 
2023-04-05 20:04:53.972786+01:00 Win 
2023-04-05 20:04:53.983784+01:00 Win 
2023-04-05 20:04:53.997784+01:00 Win 
2023-04-05 20:04:54.011335+01:00 Win 
2023-04-05 20:04:54.023335+01:00 Win 
2023-04-05 20:04:54.035338+01:00 Win 
2023-04-05 20:04:54.047336+01:00 Win 
2023-04-05 20:04:54.061339+01:00 Win 
2023-04-05 20:04:54.074340+01:00 Win 
2023-04-05 20:04:54.087327+01:00 Win 
2023-04-05 20:04:54.100346+01:00 Win 
2023-04-05 20:04:54.113897+01:00 Win 
2023-04-05 20:04:54.128895+01:00 Win 
2023-04-05 20:04:54.143874+01:00 Win 
2023-04-05 20:04:54.156894+01:00 Win 
2023-04-05 20:04:54.170886+01:00 Win 
2023-04-05 20:04:54.181882+01:00 Win 
2023-04-05 20:04:54.194898+01:00 Win 
2023-04-05 20:04:54.211066+01:00 Win 
2023-04-05 20:04:54.226051+01:00 Win 
2023-04-05 20:04:54.241067+01:00 Win 
2023-04-05 20:04:54.253056+01:00 Win 
2023-04-05 20:04:54.266069+01:00 Win 
2023-04-05 20:04:54.279069+01:00 Win 
2023-04-05 20:04:54.292070+01:00 Win 
2023-04-05 20:04:54.305618+01:00 Win 
2023-04-05 20:04:54.317638+01:00 Win 
2023-04-05 20:04:54.331639+01:00 Win 
2023-04-05 20:04:54.345627+01:00 Win 
2023-04-05 20:04:54.360622+01:00 Win 
2023-04-05 20:04:54.374629+01:00 Win 
2023-04-05 20:04:54.386625+01:00 Win 
2023-04-05 20:04:54.398658+01:00 Win 
2023-04-05 20:04:54.412187+01:00 Win 
2023-04-05 20:04:54.425192+01:00 Win 
2023-04-05 20:04:54.436174+01:00 Win 
2023-04-05 20:04:54.451196+01:00 Win 
2023-04-05 20:04:54.464198+01:00 Win 
2023-04-05 20:04:54.477194+01:00 Win 
2023-04-05 20:04:54.490201+01:00 Win 
2023-04-05 20:04:54.503221+01:00 Win 
2023-04-05 20:04:54.513716+01:00 Win 
2023-04-05 20:04:54.529049+01:00 Win 
2023-04-05 20:04:54.542048+01:00 Win 
2023-04-05 20:04:54.555050+01:00 Win 
2023-04-05 20:04:54.567056+01:00 Win 
2023-04-05 20:04:54.582052+01:00 Win 
2023-04-05 20:04:54.595061+01:00 Win 
2023-04-05 20:04:54.610616+01:00 Win 
2023-04-05 20:04:54.624611+01:00 Win 
2023-04-05 20:04:54.639611+01:00 Win 
2023-04-05 20:04:54.656598+01:00 Win 
2023-04-05 20:04:54.673601+01:00 Win 
2023-04-05 20:04:54.690786+01:00 Win 
2023-04-05 20:04:54.706307+01:00 Win 
2023-04-05 20:04:54.720312+01:00 Win 
2023-04-05 20:04:54.736314+01:00 Win 
2023-04-05 20:04:54.753312+01:00 Win 
2023-04-05 20:04:54.767312+01:00 Win 
2023-04-05 20:04:54.780314+01:00 Win 
2023-04-05 20:04:54.793985+01:00 Win 
2023-04-05 20:04:54.808498+01:00 Win 
2023-04-05 20:04:54.822514+01:00 Win 
2023-04-05 20:04:54.833516+01:00 Win 
2023-04-05 20:04:54.853503+01:00 Win 
2023-04-05 20:04:54.868503+01:00 Win 
2023-04-05 20:04:54.883521+01:00 Win 
2023-04-05 20:04:54.896516+01:00 Win 
2023-04-05 20:04:54.908651+01:00 Win 
2023-04-05 20:04:54.922657+01:00 Win 
2023-04-05 20:04:54.934640+01:00 Win 
2023-04-05 20:04:54.948651+01:00 Win 
2023-04-05 20:04:54.964654+01:00 Win 
2023-04-05 20:04:54.977655+01:00 Win 
2023-04-05 20:04:54.989658+01:00 Win 
2023-04-05 20:04:55.004658+01:00 Win 
2023-04-05 20:04:55.018263+01:00 Win 
2023-04-05 20:04:55.031612+01:00 Win 
2023-04-05 20:04:55.045485+01:00 Win 
2023-04-05 20:04:55.059487+01:00 Win 
2023-04-05 20:04:55.073817+01:00 Win 
2023-04-05 20:04:55.089826+01:00 Win 
2023-04-05 20:04:55.105822+01:00 Win 
2023-04-05 20:04:55.119337+01:00 Win 
2023-04-05 20:04:55.134141+01:00 Win 
2023-04-05 20:04:55.148149+01:00 Win 
2023-04-05 20:04:55.163146+01:00 Win 
2023-04-05 20:04:55.177140+01:00 Win 
2023-04-05 20:04:55.194173+01:00 Win 
2023-04-05 20:04:55.209728+01:00 Win 
2023-04-05 20:04:55.224723+01:00 Win 
2023-04-05 20:04:55.238729+01:00 Win 
2023-04-05 20:04:55.251729+01:00 Win 
2023-04-05 20:04:55.265728+01:00 Win 
2023-04-05 20:04:55.280728+01:00 Win 
2023-04-05 20:04:55.293733+01:00 Win 
2023-04-05 20:04:55.307797+01:00 Win 
2023-04-05 20:04:55.319784+01:00 Win 
2023-04-05 20:04:55.332804+01:00 Win 
2023-04-05 20:04:55.344799+01:00 Win 
2023-04-05 20:04:55.358800+01:00 Win 
2023-04-05 20:04:55.372788+01:00 Win 
2023-04-05 20:04:55.384788+01:00 Win 
2023-04-05 20:04:55.398812+01:00 Win 
2023-04-05 20:04:55.412746+01:00 Win 
2023-04-05 20:04:55.426132+01:00 Win 
2023-04-05 20:04:55.441136+01:00 Win 
2023-04-05 20:04:55.456128+01:00 Win 
2023-04-05 20:04:55.470116+01:00 Win 
2023-04-05 20:04:55.483132+01:00 Win 
2023-04-05 20:04:55.498150+01:00 Win 
2023-04-05 20:04:55.513823+01:00 Win 
2023-04-05 20:04:55.527823+01:00 Win 
2023-04-05 20:04:55.539820+01:00 Win 
2023-04-05 20:04:55.554815+01:00 Win 
2023-04-05 20:04:55.567620+01:00 Win 
2023-04-05 20:04:55.582617+01:00 Win 
2023-04-05 20:04:55.596821+01:00 Win 
2023-04-05 20:04:55.613372+01:00 Win 
2023-04-05 20:04:55.628370+01:00 Win 
2023-04-05 20:04:55.641375+01:00 Win 
2023-04-05 20:04:55.656380+01:00 Win 
2023-04-05 20:04:55.670525+01:00 Win 
2023-04-05 20:04:55.683509+01:00 Win 
2023-04-05 20:04:55.698554+01:00 Win 
2023-04-05 20:04:55.714056+01:00 Win 
2023-04-05 20:04:55.728059+01:00 Win 
2023-04-05 20:04:55.743080+01:00 Win 
2023-04-05 20:04:55.756058+01:00 Win 
2023-04-05 20:04:55.768074+01:00 Win 
2023-04-05 20:04:55.781059+01:00 Win 
2023-04-05 20:04:55.794085+01:00 Win 
2023-04-05 20:04:55.811289+01:00 Win 
2023-04-05 20:04:55.827292+01:00 Win 
2023-04-05 20:04:55.840286+01:00 Win 
2023-04-05 20:04:55.855271+01:00 Win 
2023-04-05 20:04:55.869274+01:00 Win 
2023-04-05 20:04:55.882276+01:00 Win 
2023-04-05 20:04:55.895278+01:00 Win 
2023-04-05 20:04:55.906791+01:00 Win 
2023-04-05 20:04:55.919794+01:00 Win 
2023-04-05 20:04:55.931811+01:00 Win 
2023-04-05 20:04:55.945815+01:00 Win 
2023-04-05 20:04:55.958811+01:00 Win 
2023-04-05 20:04:55.973814+01:00 Win 
2023-04-05 20:04:55.986814+01:00 Win 
2023-04-05 20:04:55.999817+01:00 Win 
2023-04-05 20:04:56.015356+01:00 Win 
2023-04-05 20:04:56.028350+01:00 Win 
2023-04-05 20:04:56.042357+01:00 Win 
2023-04-05 20:04:56.055351+01:00 Win 
2023-04-05 20:04:56.067353+01:00 Win 
2023-04-05 20:04:56.081336+01:00 Win 
2023-04-05 20:04:56.095378+01:00 Win 
2023-04-05 20:04:56.107870+01:00 Win 
2023-04-05 20:04:56.120102+01:00 Win 
2023-04-05 20:04:56.135094+01:00 Win 
2023-04-05 20:04:56.148091+01:00 Win 
2023-04-05 20:04:56.164114+01:00 Win 
2023-04-05 20:04:56.178109+01:00 Win 
2023-04-05 20:04:56.191116+01:00 Win 
2023-04-05 20:04:56.203055+01:00 Win 
2023-04-05 20:04:56.217602+01:00 Win 
2023-04-05 20:04:56.232608+01:00 Win 
2023-04-05 20:04:56.247609+01:00 Win 
2023-04-05 20:04:56.260612+01:00 Win 
2023-04-05 20:04:56.273608+01:00 Win 
2023-04-05 20:04:56.285594+01:00 Win 
2023-04-05 20:04:56.298613+01:00 Win 
2023-04-05 20:04:56.312164+01:00 Win 
2023-04-05 20:04:56.326172+01:00 Win 
2023-04-05 20:04:56.341155+01:00 Win 
2023-04-05 20:04:56.357154+01:00 Win 
2023-04-05 20:04:56.380171+01:00 Win 
2023-04-05 20:04:56.395181+01:00 Win 
2023-04-05 20:04:56.409726+01:00 Win 
2023-04-05 20:04:56.423726+01:00 Win 
2023-04-05 20:04:56.436714+01:00 Win 
2023-04-05 20:04:56.450712+01:00 Win 
2023-04-05 20:04:56.465727+01:00 Win 
2023-04-05 20:04:56.480732+01:00 Win 
2023-04-05 20:04:56.493735+01:00 Win 
2023-04-05 20:04:56.508258+01:00 Win 
2023-04-05 20:04:56.523283+01:00 Win 
2023-04-05 20:04:56.536266+01:00 Win 
2023-04-05 20:04:56.548278+01:00 Win 
2023-04-05 20:04:56.562210+01:00 Win 
2023-04-05 20:04:56.576635+01:00 Win 
2023-04-05 20:04:56.591832+01:00 Win 
2023-04-05 20:04:56.605855+01:00 Win 
2023-04-05 20:04:56.619030+01:00 Win 
2023-04-05 20:04:56.633054+01:00 Win 
2023-04-05 20:04:56.647049+01:00 Win 
2023-04-05 20:04:56.659050+01:00 Win 
2023-04-05 20:04:56.674036+01:00 Win 
2023-04-05 20:04:56.687056+01:00 Win 
2023-04-05 20:04:56.699836+01:00 Win 
2023-04-05 20:04:56.711907+01:00 Win 
2023-04-05 20:04:56.727893+01:00 Win 
2023-04-05 20:04:56.740894+01:00 Win 
2023-04-05 20:04:56.754909+01:00 Win 
2023-04-05 20:04:56.766832+01:00 Win 
2023-04-05 20:04:56.780831+01:00 Win 
2023-04-05 20:04:56.793850+01:00 Win 
2023-04-05 20:04:56.807978+01:00 Win 
2023-04-05 20:04:56.819962+01:00 Win 
2023-04-05 20:04:56.833978+01:00 Win 
2023-04-05 20:04:56.846969+01:00 Win 
2023-04-05 20:04:56.862963+01:00 Win 
2023-04-05 20:04:56.876980+01:00 Win 
2023-04-05 20:04:56.889964+01:00 Win 
2023-04-05 20:04:56.904997+01:00 Win 
2023-04-05 20:04:56.919037+01:00 Win 
2023-04-05 20:04:56.930036+01:00 Win 
2023-04-05 20:04:56.944059+01:00 Win 
2023-04-05 20:04:56.956055+01:00 Win 
2023-04-05 20:04:56.970039+01:00 Win 
2023-04-05 20:04:56.984055+01:00 Win 
2023-04-05 20:04:56.997080+01:00 Win 
2023-04-05 20:04:57.010158+01:00 Win 
2023-04-05 20:04:57.023152+01:00 Win 
2023-04-05 20:04:57.035542+01:00 Win 
2023-04-05 20:04:57.047928+01:00 Win 
2023-04-05 20:04:57.060934+01:00 Win 
2023-04-05 20:04:57.071936+01:00 Win 
2023-04-05 20:04:57.084937+01:00 Win 
2023-04-05 20:04:57.097936+01:00 Win 
2023-04-05 20:04:57.112190+01:00 Win 
2023-04-05 20:04:57.126190+01:00 Win 
2023-04-05 20:04:57.140186+01:00 Win 
2023-04-05 20:04:57.155186+01:00 Win 
2023-04-05 20:04:57.167188+01:00 Win 
2023-04-05 20:04:57.183192+01:00 Win 
2023-04-05 20:04:57.198194+01:00 Win 
2023-04-05 20:04:57.211732+01:00 Win 
2023-04-05 20:04:57.224730+01:00 Win 
2023-04-05 20:04:57.236721+01:00 Win 
2023-04-05 20:04:57.249715+01:00 Win 
2023-04-05 20:04:57.262739+01:00 Win 
2023-04-05 20:04:57.276732+01:00 Win 
2023-04-05 20:04:57.290717+01:00 Win 
2023-04-05 20:04:57.302901+01:00 Win 
2023-04-05 20:04:57.315452+01:00 Win 
2023-04-05 20:04:57.327457+01:00 Win 
2023-04-05 20:04:57.341454+01:00 Win 
2023-04-05 20:04:57.354451+01:00 Win 
2023-04-05 20:04:57.370439+01:00 Win 
2023-04-05 20:04:57.385443+01:00 Win 
2023-04-05 20:04:57.399461+01:00 Win 
2023-04-05 20:04:57.412732+01:00 Win 
2023-04-05 20:04:57.424735+01:00 Win 
2023-04-05 20:04:57.438732+01:00 Win 
2023-04-05 20:04:57.450486+01:00 Win 
2023-04-05 20:04:57.462490+01:00 Win 
2023-04-05 20:04:57.475486+01:00 Win 
2023-04-05 20:04:57.488493+01:00 Win 
2023-04-05 20:04:57.500498+01:00 Win 
2023-04-05 20:04:57.513664+01:00 Win 
2023-04-05 20:04:57.525661+01:00 Win 
2023-04-05 20:04:57.538660+01:00 Win 
2023-04-05 20:04:57.549645+01:00 Win 
2023-04-05 20:04:57.563669+01:00 Win 
2023-04-05 20:04:57.577665+01:00 Win 
2023-04-05 20:04:57.590672+01:00 Win 
2023-04-05 20:04:57.602658+01:00 Win 
2023-04-05 20:04:57.614101+01:00 Win 
2023-04-05 20:04:57.629515+01:00 Win 
2023-04-05 20:04:57.659447+01:00 Win 
2023-04-05 20:04:57.680436+01:00 Win 
2023-04-05 20:04:57.694438+01:00 Win 
2023-04-05 20:04:57.710958+01:00 Win 
2023-04-05 20:04:57.724958+01:00 Win 
2023-04-05 20:04:57.737961+01:00 Win 
2023-04-05 20:04:57.751959+01:00 Win 
2023-04-05 20:04:57.767963+01:00 Win 
2023-04-05 20:04:57.780963+01:00 Win 
2023-04-05 20:04:57.794965+01:00 Win 
2023-04-05 20:04:57.809982+01:00 Win 
2023-04-05 20:04:57.822983+01:00 Win 
2023-04-05 20:04:57.837985+01:00 Win 
2023-04-05 20:04:57.851001+01:00 Win 
2023-04-05 20:04:57.866953+01:00 Win 
2023-04-05 20:04:57.879954+01:00 Win 
2023-04-05 20:04:57.894482+01:00 Win 
2023-04-05 20:04:57.906481+01:00 Win 
2023-04-05 20:04:57.920013+01:00 Win 
2023-04-05 20:04:57.932027+01:00 Win 
2023-04-05 20:04:57.945032+01:00 Win 
2023-04-05 20:04:57.957039+01:00 Win 
2023-04-05 20:04:57.969016+01:00 Win 
2023-04-05 20:04:57.981041+01:00 Win 
2023-04-05 20:04:57.992034+01:00 Win 
2023-04-05 20:04:58.005060+01:00 Win 
2023-04-05 20:04:58.018453+01:00 Win 
2023-04-05 20:04:58.029449+01:00 Win 
2023-04-05 20:04:58.042452+01:00 Win 
2023-04-05 20:04:58.054436+01:00 Win 
2023-04-05 20:04:58.068454+01:00 Win 
2023-04-05 20:04:58.080440+01:00 Win 
2023-04-05 20:04:58.092456+01:00 Win 
2023-04-05 20:04:58.105476+01:00 Win 
2023-04-05 20:04:58.117004+01:00 Win 
2023-04-05 20:04:58.131011+01:00 Win 
2023-04-05 20:04:58.144007+01:00 Win 
2023-04-05 20:04:58.156008+01:00 Win 
2023-04-05 20:04:58.167016+01:00 Win 
2023-04-05 20:04:58.180011+01:00 Win 
2023-04-05 20:04:58.194611+01:00 Win 
2023-04-05 20:04:58.206621+01:00 Win 
2023-04-05 20:04:58.221158+01:00 Win 
2023-04-05 20:04:58.232181+01:00 Win 
2023-04-05 20:04:58.248184+01:00 Win 
2023-04-05 20:04:58.261435+01:00 Win 
2023-04-05 20:04:58.273427+01:00 Win 
2023-04-05 20:04:58.285424+01:00 Win 
2023-04-05 20:04:58.298439+01:00 Win 
2023-04-05 20:04:58.310565+01:00 Win 
2023-04-05 20:04:58.322579+01:00 Win 
2023-04-05 20:04:58.334571+01:00 Win 
2023-04-05 20:04:58.347559+01:00 Win 
2023-04-05 20:04:58.360558+01:00 Win 
2023-04-05 20:04:58.373559+01:00 Win 
2023-04-05 20:04:58.387559+01:00 Win 
2023-04-05 20:04:58.398560+01:00 Win 
2023-04-05 20:04:58.409769+01:00 Win 
2023-04-05 20:04:58.423770+01:00 Win 
2023-04-05 20:04:58.434770+01:00 Win 
2023-04-05 20:04:58.448771+01:00 Win 
2023-04-05 20:04:58.460792+01:00 Win 
2023-04-05 20:04:58.472786+01:00 Win 
2023-04-05 20:04:58.484790+01:00 Win 
2023-04-05 20:04:58.498146+01:00 Win 
2023-04-05 20:04:58.510689+01:00 Win 
2023-04-05 20:04:58.522690+01:00 Win 
2023-04-05 20:04:58.533693+01:00 Win 
2023-04-05 20:04:58.547698+01:00 Win 
2023-04-05 20:04:58.562596+01:00 Win 
2023-04-05 20:04:58.575594+01:00 Win 
2023-04-05 20:04:58.587599+01:00 Win 
2023-04-05 20:04:58.604599+01:00 Win 
2023-04-05 20:04:58.617138+01:00 Win 
2023-04-05 20:04:58.629843+01:00 Win 
2023-04-05 20:04:58.644843+01:00 Win 
2023-04-05 20:04:58.658853+01:00 Win 
2023-04-05 20:04:58.672851+01:00 Win 
2023-04-05 20:04:58.688848+01:00 Win 
2023-04-05 20:04:58.702567+01:00 Win 
2023-04-05 20:04:58.716118+01:00 Win 
2023-04-05 20:04:58.730118+01:00 Win 
2023-04-05 20:04:58.748119+01:00 Win 
2023-04-05 20:04:58.760119+01:00 Win 
2023-04-05 20:04:58.772121+01:00 Win 
2023-04-05 20:04:58.783122+01:00 Win 
2023-04-05 20:04:58.797132+01:00 Win 
2023-04-05 20:04:58.808662+01:00 Win 
2023-04-05 20:04:58.820665+01:00 Win 
2023-04-05 20:04:58.832678+01:00 Win 
2023-04-05 20:04:58.847669+01:00 Win 
2023-04-05 20:04:58.860671+01:00 Win 
2023-04-05 20:04:58.877683+01:00 Win 
2023-04-05 20:04:58.891863+01:00 Win 
2023-04-05 20:04:58.904883+01:00 Win 
2023-04-05 20:04:58.917972+01:00 Win 
2023-04-05 20:04:58.929973+01:00 Win 
2023-04-05 20:04:58.944975+01:00 Win 
2023-04-05 20:04:58.957977+01:00 Win 
2023-04-05 20:04:58.971980+01:00 Win 
2023-04-05 20:04:58.982977+01:00 Win 
2023-04-05 20:04:58.996002+01:00 Win 
2023-04-05 20:04:59.009000+01:00 Win 
2023-04-05 20:04:59.021552+01:00 Win 
2023-04-05 20:04:59.033552+01:00 Win 
2023-04-05 20:04:59.045557+01:00 Win 
2023-04-05 20:04:59.057554+01:00 Win 
2023-04-05 20:04:59.069556+01:00 Win 
2023-04-05 20:04:59.081543+01:00 Win 
